<?xml version="1.0" encoding="UTF-8"?>
<!-- Generated by org.testng.reporters.JUnitXMLReporter -->
<testsuite ignored="4" hostname="AanganM" failures="0" tests="1" name="Default test" time="26.556" errors="0" timestamp="2024-09-15T21:38:39 CDT">
  <testcase classname="tests.CreateAccountTest" name="mergeAccountsTC13" time="20.36"/>
  <testcase classname="tests.CreateAccountTest" name="createAccountTC10" time="0.0">
    <ignored/>
  </testcase> <!-- createAccountTC10 -->
  <testcase classname="tests.CreateAccountTest" name="createNewVeiwTC11" time="0.0">
    <ignored/>
  </testcase> <!-- createNewVeiwTC11 -->
  <testcase classname="tests.CreateAccountTest" name="createReportTC14" time="0.0">
    <ignored/>
  </testcase> <!-- createReportTC14 -->
  <testcase classname="tests.CreateAccountTest" name="editVeiwTC12" time="0.0">
    <ignored/>
  </testcase> <!-- editVeiwTC12 -->
</testsuite> <!-- Default test -->
