<?xml version="1.0" encoding="UTF-8"?>
<testng-results ignored="4" total="5" passed="1" failed="0" skipped="0">
  <reporter-output>
  </reporter-output>
  <suite started-at="2024-09-15T21:38:12 CDT" name="Default suite" finished-at="2024-09-15T21:38:39 CDT" duration-ms="26556">
    <groups>
    </groups>
    <test started-at="2024-09-15T21:38:12 CDT" name="Default test" finished-at="2024-09-15T21:38:39 CDT" duration-ms="26556">
      <class name="tests.CreateAccountTest">
        <test-method is-config="true" signature="setup()[pri:0, instance:tests.CreateAccountTest@27d4a09]" started-at="2024-09-15T21:38:12 CDT" name="setup" finished-at="2024-09-15T21:38:12 CDT" duration-ms="134" status="PASS">
          <reporter-output>
          </reporter-output>
        </test-method> <!-- setup -->
        <test-method is-config="true" signature="setup(java.lang.String,java.lang.reflect.Method)[pri:0, instance:tests.CreateAccountTest@27d4a09]" started-at="2024-09-15T21:38:12 CDT" name="setup" finished-at="2024-09-15T21:38:14 CDT" duration-ms="1733" status="PASS">
          <params>
            <param index="0">
              <value>
                <![CDATA[chrome]]>
              </value>
            </param>
            <param index="1">
              <value>
                <![CDATA[public void tests.CreateAccountTest.mergeAccountsTC13() throws java.lang.Exception]]>
              </value>
            </param>
          </params>
          <reporter-output>
          </reporter-output>
        </test-method> <!-- setup -->
        <test-method is-config="true" signature="launchBrowser()[pri:0, instance:tests.CreateAccountTest@27d4a09]" started-at="2024-09-15T21:38:14 CDT" name="launchBrowser" finished-at="2024-09-15T21:38:16 CDT" duration-ms="2131" status="PASS">
          <reporter-output>
          </reporter-output>
        </test-method> <!-- launchBrowser -->
        <test-method signature="mergeAccountsTC13()[pri:3, instance:tests.CreateAccountTest@27d4a09]" started-at="2024-09-15T21:38:16 CDT" name="mergeAccountsTC13" finished-at="2024-09-15T21:38:36 CDT" duration-ms="20360" status="PASS">
          <reporter-output>
          </reporter-output>
        </test-method> <!-- mergeAccountsTC13 -->
        <test-method is-config="true" signature="tearDown()[pri:0, instance:tests.CreateAccountTest@27d4a09]" started-at="2024-09-15T21:38:36 CDT" name="tearDown" finished-at="2024-09-15T21:38:37 CDT" duration-ms="251" status="PASS">
          <reporter-output>
          </reporter-output>
        </test-method> <!-- tearDown -->
        <test-method is-config="true" signature="TearDoen()[pri:0, instance:tests.CreateAccountTest@27d4a09]" started-at="2024-09-15T21:38:37 CDT" name="TearDoen" finished-at="2024-09-15T21:38:39 CDT" duration-ms="2055" status="PASS">
          <reporter-output>
          </reporter-output>
        </test-method> <!-- TearDoen -->
        <test-method is-config="true" signature="tearDownFinal()[pri:0, instance:tests.CreateAccountTest@27d4a09]" started-at="2024-09-15T21:38:39 CDT" name="tearDownFinal" finished-at="2024-09-15T21:38:40 CDT" duration-ms="1400" status="PASS">
          <reporter-output>
          </reporter-output>
        </test-method> <!-- tearDownFinal -->
      </class> <!-- tests.CreateAccountTest -->
    </test> <!-- Default test -->
  </suite> <!-- Default suite -->
</testng-results>
